<?xml version="1.0" encoding="UTF-8"?>
<!-- Generated by org.testng.reporters.JUnitReportReporter -->
<testsuite hostname="PUNEHLT058" name="VirtaulEdge.abcd" tests="2" failures="0" timestamp="3 Oct 2015 08:13:43 GMT" time="38.349" errors="0">
  <testcase name="login" time="9.279" classname="VirtaulEdge.abcd"/>
  <testcase name="userID" time="29.070" classname="VirtaulEdge.abcd"/>
</testsuite> <!-- VirtaulEdge.abcd -->
