<?xml version="1.0" encoding="UTF-8"?>
<!-- Generated by org.testng.reporters.JUnitReportReporter -->
<testsuite hostname="PUNEHLT058" name="VirtaulEdge.Login" tests="1" failures="0" timestamp="2 Oct 2015 09:57:15 GMT" time="15.958" errors="0">
  <testcase name="login" time="15.958" classname="VirtaulEdge.Login"/>
</testsuite> <!-- VirtaulEdge.Login -->
