<?xml version="1.0" encoding="UTF-8"?>
<!-- Generated by org.testng.reporters.JUnitReportReporter -->
<testsuite hostname="PUNEHLT058" name="VirtaulEdge.Testbase" tests="1" failures="0" timestamp="5 Oct 2015 11:07:10 GMT" time="9.505" errors="0">
  <testcase name="login" time="9.505" classname="VirtaulEdge.Testbase"/>
</testsuite> <!-- VirtaulEdge.Testbase -->
