<?xml version="1.0" encoding="UTF-8"?>
<!-- Generated by org.testng.reporters.JUnitReportReporter -->
<testsuite hostname="PURDLTKHURANAK" name="PackageTwo.Annotations" tests="3" failures="0" timestamp="16 Mar 2016 10:14:50 GMT" time="0.005" errors="0">
  <testcase name="flightBooking" time="0.005" classname="PackageTwo.Annotations"/>
  <testcase name="openingBrowser" time="0.000" classname="PackageTwo.Annotations"/>
  <testcase name="flightCancel" time="0.000" classname="PackageTwo.Annotations"/>
</testsuite> <!-- PackageTwo.Annotations -->
