<?xml version="1.0" encoding="UTF-8"?>
<!-- Generated by org.testng.reporters.JUnitReportReporter -->
<testsuite hostname="PUNEHLT058" name="Datadriven.Annotations" tests="5" failures="0" timestamp="9 Oct 2015 13:01:11 GMT" time="0.008" errors="0">
  <testcase name="userID" time="0.001" classname="Datadriven.Annotations"/>
  <testcase name="flightBooking" time="0.005" classname="Datadriven.Annotations"/>
  <testcase name="userID" time="0.001" classname="Datadriven.Annotations"/>
  <testcase name="userID" time="0.001" classname="Datadriven.Annotations"/>
  <testcase name="openingBrowser" time="0.000" classname="Datadriven.Annotations"/>
</testsuite> <!-- Datadriven.Annotations -->
