<?xml version="1.0" encoding="UTF-8"?>
<!-- Generated by org.testng.reporters.JUnitReportReporter -->
<testsuite hostname="PUNEHLT058" name="testngFiles.testing$Login" tests="1" failures="0" timestamp="5 Oct 2015 10:56:11 GMT" time="0.009" errors="0">
  <testcase name="login" time="0.009" classname="testngFiles.testing$Login"/>
</testsuite> <!-- testngFiles.testing$Login -->
