<?xml version="1.0" encoding="UTF-8"?>
<!-- Generated by org.testng.reporters.JUnitReportReporter -->
<testsuite hostname="PUNEHLT058" name="testngFiles.DependencyAnnotation" tests="3" failures="0" timestamp="9 Oct 2015 13:04:51 GMT" time="0.002" errors="0">
  <testcase name="Timeout" time="0.001" classname="testngFiles.DependencyAnnotation"/>
  <testcase name="openingBrowser" time="0.001" classname="testngFiles.DependencyAnnotation"/>
  <testcase name="BookingTicket" time="0.000" classname="testngFiles.DependencyAnnotation"/>
</testsuite> <!-- testngFiles.DependencyAnnotation -->
