<?xml version="1.0" encoding="UTF-8"?>
<!-- Generated by org.testng.reporters.JUnitReportReporter -->
<testsuite hostname="PUNEHLT058" name="testngFiles.Annotations$Testbase" tests="1" failures="0" timestamp="5 Oct 2015 11:10:14 GMT" time="13.103" errors="0">
  <testcase name="login" time="13.103" classname="testngFiles.Annotations$Testbase"/>
</testsuite> <!-- testngFiles.Annotations$Testbase -->
