<?xml version="1.0" encoding="UTF-8"?>
<!-- Generated by org.testng.reporters.JUnitReportReporter -->
<testsuite hostname="PUNEHLT058" name="testngFiles.Annotations$Login" tests="1" failures="0" timestamp="5 Oct 2015 10:54:08 GMT" time="0.004" errors="0">
  <testcase name="login" time="0.004" classname="testngFiles.Annotations$Login"/>
</testsuite> <!-- testngFiles.Annotations$Login -->
