<?xml version="1.0" encoding="UTF-8"?>
<!-- Generated by org.testng.reporters.JUnitReportReporter -->
<testsuite hostname="PUNEHLT058" name="PackageTwo.Annotation2" tests="1" failures="0" timestamp="9 Feb 2016 12:07:29 GMT" time="0.005" errors="0">
  <testcase name="Software" time="0.005" classname="PackageTwo.Annotation2"/>
</testsuite> <!-- PackageTwo.Annotation2 -->
