<?xml version="1.0" encoding="UTF-8"?>
<!-- Generated by org.testng.reporters.JUnitReportReporter -->
<testsuite hostname="PUNEHLT058" name="Testcases.Loginapplication" tests="1" failures="0" timestamp="9 Feb 2016 12:35:12 GMT" time="15.035" errors="0">
  <testcase name="Login" time="15.035" classname="Testcases.Loginapplication"/>
</testsuite> <!-- Testcases.Loginapplication -->
